104.04.30 22:12 B C:\Inetpub\wwwroot\ralfw.de\weblog\dntv\episode6\diary.htm --> www.ralfw.de /weblog/dntv/episode6 diary.htm
104.04.30 22:12 B C:\Inetpub\wwwroot\ralfw.de\weblog\dntv\episode6\dntv6 (1).jpg --> www.ralfw.de /weblog/dntv/episode6 dntv6 (1).jpg
104.04.30 22:12 B C:\Inetpub\wwwroot\ralfw.de\weblog\dntv\episode6\dntv6 (10).jpg --> www.ralfw.de /weblog/dntv/episode6 dntv6 (10).jpg
104.04.30 22:12 B C:\Inetpub\wwwroot\ralfw.de\weblog\dntv\episode6\dntv6 (11).jpg --> www.ralfw.de /weblog/dntv/episode6 dntv6 (11).jpg
104.04.30 22:12 B C:\Inetpub\wwwroot\ralfw.de\weblog\dntv\episode6\dntv6 (12).jpg --> www.ralfw.de /weblog/dntv/episode6 dntv6 (12).jpg
104.04.30 22:12 B C:\Inetpub\wwwroot\ralfw.de\weblog\dntv\episode6\dntv6 (13).jpg --> www.ralfw.de /weblog/dntv/episode6 dntv6 (13).jpg
104.04.30 22:12 B C:\Inetpub\wwwroot\ralfw.de\weblog\dntv\episode6\dntv6 (14).jpg --> www.ralfw.de /weblog/dntv/episode6 dntv6 (14).jpg
104.04.30 22:12 B C:\Inetpub\wwwroot\ralfw.de\weblog\dntv\episode6\dntv6 (15).JPG --> www.ralfw.de /weblog/dntv/episode6 dntv6 (15).JPG
104.04.30 22:13 B C:\Inetpub\wwwroot\ralfw.de\weblog\dntv\episode6\dntv6 (16).JPG --> www.ralfw.de /weblog/dntv/episode6 dntv6 (16).JPG
104.04.30 22:13 B C:\Inetpub\wwwroot\ralfw.de\weblog\dntv\episode6\dntv6 (17).jpg --> www.ralfw.de /weblog/dntv/episode6 dntv6 (17).jpg
104.04.30 22:13 B C:\Inetpub\wwwroot\ralfw.de\weblog\dntv\episode6\dntv6 (18).jpg --> www.ralfw.de /weblog/dntv/episode6 dntv6 (18).jpg
104.04.30 22:13 B C:\Inetpub\wwwroot\ralfw.de\weblog\dntv\episode6\dntv6 (2).jpg --> www.ralfw.de /weblog/dntv/episode6 dntv6 (2).jpg
104.04.30 22:13 B C:\Inetpub\wwwroot\ralfw.de\weblog\dntv\episode6\dntv6 (3).jpg --> www.ralfw.de /weblog/dntv/episode6 dntv6 (3).jpg
104.04.30 22:13 B C:\Inetpub\wwwroot\ralfw.de\weblog\dntv\episode6\dntv6 (4).jpg --> www.ralfw.de /weblog/dntv/episode6 dntv6 (4).jpg
104.04.30 22:13 B C:\Inetpub\wwwroot\ralfw.de\weblog\dntv\episode6\dntv6 (5).jpg --> www.ralfw.de /weblog/dntv/episode6 dntv6 (5).jpg
104.04.30 22:13 B C:\Inetpub\wwwroot\ralfw.de\weblog\dntv\episode6\dntv6 (6).jpg --> www.ralfw.de /weblog/dntv/episode6 dntv6 (6).jpg
104.04.30 22:13 B C:\Inetpub\wwwroot\ralfw.de\weblog\dntv\episode6\dntv6 (7).jpg --> www.ralfw.de /weblog/dntv/episode6 dntv6 (7).jpg
104.04.30 22:13 B C:\Inetpub\wwwroot\ralfw.de\weblog\dntv\episode6\dntv6 (9).jpg --> www.ralfw.de /weblog/dntv/episode6 dntv6 (9).jpg
104.04.30 22:13 B C:\Inetpub\wwwroot\ralfw.de\weblog\dntv\episode6\Thumbs.db --> www.ralfw.de /weblog/dntv/episode6 Thumbs.db
104.05.01 00:03 B C:\Inetpub\wwwroot\ralfw.de\weblog\dntv\episode6\dotnet TV VI Trailer 100.wmv --> www.ralfw.de /weblog/dntv/episode6 dotnet TV VI Trailer 100.wmv
104.05.01 00:05 B C:\Inetpub\wwwroot\ralfw.de\weblog\dntv\episode6\diary.htm --> www.ralfw.de /weblog/dntv/episode6 diary.htm
104.05.01 00:06 B C:\Inetpub\wwwroot\ralfw.de\weblog\dntv\episode6\diary.htm --> www.ralfw.de /weblog/dntv/episode6 diary.htm
104.05.01 22:36 B C:\Inetpub\wwwroot\ralfw.de\weblog\dntv\episode6\diary.htm --> www.ralfw.de /weblog/dntv/episode6 diary.htm
106.03.13 15:48 B C:\Inetpub\wwwroot\ralfw.de v2\Production\weblog\dntv\episode6\diary.htm --> eh17.s5.domainkunden.de /d:/Web/E/H/17/weblog/dntv/episode6 diary.htm
106.03.13 15:48 B C:\Inetpub\wwwroot\ralfw.de v2\Production\weblog\dntv\episode6\dntv6 (1).jpg --> eh17.s5.domainkunden.de /d:/Web/E/H/17/weblog/dntv/episode6 dntv6 (1).jpg
106.03.13 15:48 B C:\Inetpub\wwwroot\ralfw.de v2\Production\weblog\dntv\episode6\dntv6 (10).jpg --> eh17.s5.domainkunden.de /d:/Web/E/H/17/weblog/dntv/episode6 dntv6 (10).jpg
106.03.13 15:48 B C:\Inetpub\wwwroot\ralfw.de v2\Production\weblog\dntv\episode6\dntv6 (11).jpg --> eh17.s5.domainkunden.de /d:/Web/E/H/17/weblog/dntv/episode6 dntv6 (11).jpg
106.03.13 15:48 B C:\Inetpub\wwwroot\ralfw.de v2\Production\weblog\dntv\episode6\dntv6 (12).jpg --> eh17.s5.domainkunden.de /d:/Web/E/H/17/weblog/dntv/episode6 dntv6 (12).jpg
106.03.13 15:48 B C:\Inetpub\wwwroot\ralfw.de v2\Production\weblog\dntv\episode6\dntv6 (13).jpg --> eh17.s5.domainkunden.de /d:/Web/E/H/17/weblog/dntv/episode6 dntv6 (13).jpg
106.03.13 15:48 B C:\Inetpub\wwwroot\ralfw.de v2\Production\weblog\dntv\episode6\dntv6 (14).jpg --> eh17.s5.domainkunden.de /d:/Web/E/H/17/weblog/dntv/episode6 dntv6 (14).jpg
106.03.13 15:48 B C:\Inetpub\wwwroot\ralfw.de v2\Production\weblog\dntv\episode6\dntv6 (15).JPG --> eh17.s5.domainkunden.de /d:/Web/E/H/17/weblog/dntv/episode6 dntv6 (15).JPG
106.03.13 15:48 B C:\Inetpub\wwwroot\ralfw.de v2\Production\weblog\dntv\episode6\dntv6 (16).JPG --> eh17.s5.domainkunden.de /d:/Web/E/H/17/weblog/dntv/episode6 dntv6 (16).JPG
106.03.13 15:48 B C:\Inetpub\wwwroot\ralfw.de v2\Production\weblog\dntv\episode6\dntv6 (17).jpg --> eh17.s5.domainkunden.de /d:/Web/E/H/17/weblog/dntv/episode6 dntv6 (17).jpg
106.03.13 15:48 B C:\Inetpub\wwwroot\ralfw.de v2\Production\weblog\dntv\episode6\dntv6 (18).jpg --> eh17.s5.domainkunden.de /d:/Web/E/H/17/weblog/dntv/episode6 dntv6 (18).jpg
106.03.13 15:48 B C:\Inetpub\wwwroot\ralfw.de v2\Production\weblog\dntv\episode6\dntv6 (2).jpg --> eh17.s5.domainkunden.de /d:/Web/E/H/17/weblog/dntv/episode6 dntv6 (2).jpg
106.03.13 15:48 B C:\Inetpub\wwwroot\ralfw.de v2\Production\weblog\dntv\episode6\dntv6 (3).jpg --> eh17.s5.domainkunden.de /d:/Web/E/H/17/weblog/dntv/episode6 dntv6 (3).jpg
106.03.13 15:48 B C:\Inetpub\wwwroot\ralfw.de v2\Production\weblog\dntv\episode6\dntv6 (4).jpg --> eh17.s5.domainkunden.de /d:/Web/E/H/17/weblog/dntv/episode6 dntv6 (4).jpg
106.03.13 15:48 B C:\Inetpub\wwwroot\ralfw.de v2\Production\weblog\dntv\episode6\dntv6 (5).jpg --> eh17.s5.domainkunden.de /d:/Web/E/H/17/weblog/dntv/episode6 dntv6 (5).jpg
106.03.13 15:48 B C:\Inetpub\wwwroot\ralfw.de v2\Production\weblog\dntv\episode6\dntv6 (6).jpg --> eh17.s5.domainkunden.de /d:/Web/E/H/17/weblog/dntv/episode6 dntv6 (6).jpg
106.03.13 15:48 B C:\Inetpub\wwwroot\ralfw.de v2\Production\weblog\dntv\episode6\dntv6 (7).jpg --> eh17.s5.domainkunden.de /d:/Web/E/H/17/weblog/dntv/episode6 dntv6 (7).jpg
106.03.13 15:48 B C:\Inetpub\wwwroot\ralfw.de v2\Production\weblog\dntv\episode6\dntv6 (9).jpg --> eh17.s5.domainkunden.de /d:/Web/E/H/17/weblog/dntv/episode6 dntv6 (9).jpg
106.03.13 15:49 B C:\Inetpub\wwwroot\ralfw.de v2\Production\weblog\dntv\episode6\dotnet TV VI Trailer 100.wmv --> eh17.s5.domainkunden.de /d:/Web/E/H/17/weblog/dntv/episode6 dotnet TV VI Trailer 100.wmv
106.03.13 15:49 B C:\Inetpub\wwwroot\ralfw.de v2\Production\weblog\dntv\episode6\Thumbs.db --> eh17.s5.domainkunden.de /d:/Web/E/H/17/weblog/dntv/episode6 Thumbs.db
